Building multi-core ChampSim...

rm -f -r obj
Generating dependencies for src/uncore.cc...
Compiling src/uncore.cc...
Generating dependencies for src/cache.cc...
Compiling src/cache.cc...
src/cache.cc: In member function ‘void CACHE::handle_prefetch()’:
src/cache.cc:1077:17: warning: this ‘if’ clause does not guard... [-Wmisleading-indentation]
 1077 |                 if (PQ.entry[index].fill_level <= fill_level)
      |                 ^~
src/cache.cc:1079:19: note: ...this statement, but the latter is misleadingly indented as if it were guarded by the ‘if’
 1079 |                   add_mshr(&PQ.entry[index]);
      |                   ^~~~~~~~
src/cache.cc: In member function ‘virtual int CACHE::add_wq(PACKET*)’:
src/cache.cc:1606:12: warning: unused variable ‘hit_way’ [-Wunused-variable]
 1606 |   uint32_t hit_way = check_hit(&WQ.entry[index]);
      |            ^~~~~~~
Generating dependencies for src/ooo_cpu.cc...
Compiling src/ooo_cpu.cc...
src/ooo_cpu.cc: In member function ‘void O3_CPU::add_load_queue(uint32_t, uint32_t)’:
src/ooo_cpu.cc:1243:17: warning: this ‘if’ clause does not guard... [-Wmisleading-indentation]
 1243 |                 if (LQ.entry[lq_index].producer_id != UINT64_MAX)
      |                 ^~
src/ooo_cpu.cc:1246:21: note: ...this statement, but the latter is misleadingly indented as if it were guarded by the ‘if’
 1246 |                     mem_RAW_dependency(i, rob_index, data_index, lq_index);
      |                     ^~~~~~~~~~~~~~~~~~
src/ooo_cpu.cc:1251:17: warning: this ‘if’ clause does not guard... [-Wmisleading-indentation]
 1251 |                 if (LQ.entry[lq_index].producer_id != UINT64_MAX)
      |                 ^~
src/ooo_cpu.cc:1254:21: note: ...this statement, but the latter is misleadingly indented as if it were guarded by the ‘if’
 1254 |                     mem_RAW_dependency(i, rob_index, data_index, lq_index);
      |                     ^~~~~~~~~~~~~~~~~~
src/ooo_cpu.cc:1257:17: warning: this ‘if’ clause does not guard... [-Wmisleading-indentation]
 1257 |                 if (LQ.entry[lq_index].producer_id != UINT64_MAX)
      |                 ^~
src/ooo_cpu.cc:1260:21: note: ...this statement, but the latter is misleadingly indented as if it were guarded by the ‘if’
 1260 |                     mem_RAW_dependency(i, rob_index, data_index, lq_index);
      |                     ^~~~~~~~~~~~~~~~~~
src/ooo_cpu.cc: In member function ‘void O3_CPU::complete_instr_fetch(PACKET_QUEUE*, uint8_t)’:
src/ooo_cpu.cc:1864:11: warning: unused variable ‘instruction_physical_address’ [-Wunused-variable]
 1864 |  uint64_t instruction_physical_address = (queue->entry[index].instruction_pa << LOG2_PAGE_SIZE) | (complete_ip & ((1 << LOG2_PAGE_SIZE) - 1));
      |           ^~~~~~~~~~~~~~~~~~~~~~~~~~~~
Generating dependencies for src/main.cc...
Compiling src/main.cc...
In file included from /usr/include/getopt.h:24,
                 from src/main.cc:3:
/usr/include/features.h:187:3: warning: #warning "_BSD_SOURCE and _SVID_SOURCE are deprecated, use _DEFAULT_SOURCE" [-Wcpp]
  187 | # warning "_BSD_SOURCE and _SVID_SOURCE are deprecated, use _DEFAULT_SOURCE"
      |   ^~~~~~~
src/main.cc: In function ‘uint64_t va_to_pa(uint32_t, uint64_t, uint64_t, uint64_t, uint8_t)’:
src/main.cc:355:48: warning: variable ‘pr2’ set but not used [-Wunused-but-set-variable]
  355 |             map <uint64_t, uint64_t>::iterator pr2 = recent_page.begin();
      |                                                ^~~
Generating dependencies for src/dram_controller.cc...
Compiling src/dram_controller.cc...
Generating dependencies for src/block.cc...
Compiling src/block.cc...
Generating dependencies for branch/branch_predictor.cc...
Compiling branch/branch_predictor.cc...
Generating dependencies for replacement/base_replacement.cc...
Compiling replacement/base_replacement.cc...
replacement/base_replacement.cc: In member function ‘uint32_t CACHE::lru_victim(uint32_t, uint64_t, uint32_t, const BLOCK*, uint64_t, uint64_t, uint32_t, int)’:
replacement/base_replacement.cc:152:1: warning: control reaches end of non-void function [-Wreturn-type]
  152 | }
      | ^
Generating dependencies for replacement/llc_replacement.cc...
Compiling replacement/llc_replacement.cc...
Generating dependencies for prefetcher/l1i_prefetcher.cc...
Compiling prefetcher/l1i_prefetcher.cc...
Generating dependencies for prefetcher/l2c_prefetcher.cc...
Compiling prefetcher/l2c_prefetcher.cc...
Generating dependencies for prefetcher/l1d_prefetcher.cc...
Compiling prefetcher/l1d_prefetcher.cc...
Generating dependencies for prefetcher/kpcp_util.cc...
Compiling prefetcher/kpcp_util.cc...
Generating dependencies for prefetcher/llc_prefetcher.cc...
Compiling prefetcher/llc_prefetcher.cc...
Linking bin/champsim...

[1mChampSim is successfully built
Branch Predictor: bimodal
L1I Prefetcher: no
L1D Prefetcher: no
L2C Prefetcher: no
LLC Prefetcher: next_line
LLC Replacement: lru
Cores: 4
Binary: bin/bimodal-no-no-no-next_line-lru-4core

Illegal number of parameters
Usage: ./run_4core.sh [BINARY] [N_WARM] [N_SIM] [N_MIX] [TRACE0] [TRACE1] [TRACE2] [TRACE3] [OPTION]
Building multi-core ChampSim...

rm -f -r obj
Generating dependencies for src/uncore.cc...
Compiling src/uncore.cc...
Generating dependencies for src/cache.cc...
Compiling src/cache.cc...
src/cache.cc: In member function ‘void CACHE::handle_prefetch()’:
src/cache.cc:1077:17: warning: this ‘if’ clause does not guard... [-Wmisleading-indentation]
 1077 |                 if (PQ.entry[index].fill_level <= fill_level)
      |                 ^~
src/cache.cc:1079:19: note: ...this statement, but the latter is misleadingly indented as if it were guarded by the ‘if’
 1079 |                   add_mshr(&PQ.entry[index]);
      |                   ^~~~~~~~
src/cache.cc: In member function ‘virtual void CACHE::operate()’:
src/cache.cc:1169:20: warning: comparison of integer expressions of different signedness: ‘int’ and ‘const uint32_t’ {aka ‘const unsigned int’} [-Wsign-compare]
 1169 |       for(int i=0;i<NUM_SET;i++)
      |                   ~^~~~~~~~
src/cache.cc:1175:20: warning: comparison of integer expressions of different signedness: ‘int’ and ‘unsigned int’ [-Wsign-compare]
 1175 |       for(int i=0;i<NUM_SET/2;i++)
      |                   ~^~~~~~~~~~
src/cache.cc:1184:20: warning: unused variable ‘fill_block’ [-Wunused-variable]
 1184 |             BLOCK& fill_block = block[i][j];//current block in the set
      |                    ^~~~~~~~~~
src/cache.cc:1177:13: warning: unused variable ‘set’ [-Wunused-variable]
 1177 |         int set = pq.top().second;
      |             ^~~
src/cache.cc: In member function ‘virtual int CACHE::add_wq(PACKET*)’:
src/cache.cc:1606:12: warning: unused variable ‘hit_way’ [-Wunused-variable]
 1606 |   uint32_t hit_way = check_hit(&WQ.entry[index]);
      |            ^~~~~~~
Generating dependencies for src/ooo_cpu.cc...
Compiling src/ooo_cpu.cc...
src/ooo_cpu.cc: In member function ‘void O3_CPU::add_load_queue(uint32_t, uint32_t)’:
src/ooo_cpu.cc:1243:17: warning: this ‘if’ clause does not guard... [-Wmisleading-indentation]
 1243 |                 if (LQ.entry[lq_index].producer_id != UINT64_MAX)
      |                 ^~
src/ooo_cpu.cc:1246:21: note: ...this statement, but the latter is misleadingly indented as if it were guarded by the ‘if’
 1246 |                     mem_RAW_dependency(i, rob_index, data_index, lq_index);
      |                     ^~~~~~~~~~~~~~~~~~
src/ooo_cpu.cc:1251:17: warning: this ‘if’ clause does not guard... [-Wmisleading-indentation]
 1251 |                 if (LQ.entry[lq_index].producer_id != UINT64_MAX)
      |                 ^~
src/ooo_cpu.cc:1254:21: note: ...this statement, but the latter is misleadingly indented as if it were guarded by the ‘if’
 1254 |                     mem_RAW_dependency(i, rob_index, data_index, lq_index);
      |                     ^~~~~~~~~~~~~~~~~~
src/ooo_cpu.cc:1257:17: warning: this ‘if’ clause does not guard... [-Wmisleading-indentation]
 1257 |                 if (LQ.entry[lq_index].producer_id != UINT64_MAX)
      |                 ^~
src/ooo_cpu.cc:1260:21: note: ...this statement, but the latter is misleadingly indented as if it were guarded by the ‘if’
 1260 |                     mem_RAW_dependency(i, rob_index, data_index, lq_index);
      |                     ^~~~~~~~~~~~~~~~~~
src/ooo_cpu.cc: In member function ‘void O3_CPU::complete_instr_fetch(PACKET_QUEUE*, uint8_t)’:
src/ooo_cpu.cc:1864:11: warning: unused variable ‘instruction_physical_address’ [-Wunused-variable]
 1864 |  uint64_t instruction_physical_address = (queue->entry[index].instruction_pa << LOG2_PAGE_SIZE) | (complete_ip & ((1 << LOG2_PAGE_SIZE) - 1));
      |           ^~~~~~~~~~~~~~~~~~~~~~~~~~~~
Generating dependencies for src/main.cc...
Compiling src/main.cc...
In file included from /usr/include/getopt.h:24,
                 from src/main.cc:3:
/usr/include/features.h:187:3: warning: #warning "_BSD_SOURCE and _SVID_SOURCE are deprecated, use _DEFAULT_SOURCE" [-Wcpp]
  187 | # warning "_BSD_SOURCE and _SVID_SOURCE are deprecated, use _DEFAULT_SOURCE"
      |   ^~~~~~~
src/main.cc: In function ‘uint64_t va_to_pa(uint32_t, uint64_t, uint64_t, uint64_t, uint8_t)’:
src/main.cc:355:48: warning: variable ‘pr2’ set but not used [-Wunused-but-set-variable]
  355 |             map <uint64_t, uint64_t>::iterator pr2 = recent_page.begin();
      |                                                ^~~
Generating dependencies for src/dram_controller.cc...
Compiling src/dram_controller.cc...
Generating dependencies for src/block.cc...
Compiling src/block.cc...
Generating dependencies for branch/branch_predictor.cc...
Compiling branch/branch_predictor.cc...
Generating dependencies for replacement/base_replacement.cc...
Compiling replacement/base_replacement.cc...
replacement/base_replacement.cc: In member function ‘uint32_t CACHE::lru_victim(uint32_t, uint64_t, uint32_t, const BLOCK*, uint64_t, uint64_t, uint32_t, int)’:
replacement/base_replacement.cc:152:1: warning: control reaches end of non-void function [-Wreturn-type]
  152 | }
      | ^
Generating dependencies for replacement/llc_replacement.cc...
Compiling replacement/llc_replacement.cc...
Generating dependencies for prefetcher/l1i_prefetcher.cc...
Compiling prefetcher/l1i_prefetcher.cc...
Generating dependencies for prefetcher/l2c_prefetcher.cc...
Compiling prefetcher/l2c_prefetcher.cc...
Generating dependencies for prefetcher/l1d_prefetcher.cc...
Compiling prefetcher/l1d_prefetcher.cc...
Generating dependencies for prefetcher/kpcp_util.cc...
Compiling prefetcher/kpcp_util.cc...
Generating dependencies for prefetcher/llc_prefetcher.cc...
Compiling prefetcher/llc_prefetcher.cc...
Linking bin/champsim...

[1mChampSim is successfully built
Branch Predictor: bimodal
L1I Prefetcher: no
L1D Prefetcher: no
L2C Prefetcher: no
LLC Prefetcher: next_line
LLC Replacement: lru
Cores: 4
Binary: bin/bimodal-no-no-no-next_line-lru-4core

